<?xml version="1.0" encoding="UTF-8"?>
<!-- Generated by org.testng.reporters.JUnitReportReporter -->
<testsuite name="sample1.Test1" tests="1" time="23.137" ignored="0" failures="0" timestamp="12 Mar 2022 06:29:05 GMT" skipped="0" hostname="DESKTOP-SUGN71S" errors="0">
  <testcase name="validateGoogle" time="23.137" classname="sample1.Test1"/>
</testsuite> <!-- sample1.Test1 -->
