<?xml version="1.0" encoding="UTF-8"?>
<!-- Generated by org.testng.reporters.JUnitReportReporter -->
<testsuite name="sample2.Test1" tests="1" time="13.269" ignored="0" failures="0" timestamp="12 Mar 2022 06:29:05 GMT" skipped="0" hostname="DESKTOP-SUGN71S" errors="0">
  <testcase name="validateGoogle" time="13.269" classname="sample2.Test1"/>
</testsuite> <!-- sample2.Test1 -->
