<?xml version="1.0" encoding="UTF-8"?>
<!-- Generated by org.testng.reporters.JUnitReportReporter -->
<testsuite name="sample2.Test1" tests="1" time="21.030" ignored="0" failures="0" timestamp="06 Mar 2022 06:03:50 GMT" skipped="0" hostname="DESKTOP-SUGN71S" errors="0">
  <testcase name="validateGoogle" time="21.030" classname="sample2.Test1"/>
</testsuite> <!-- sample2.Test1 -->
