<?xml version="1.0" encoding="UTF-8"?>
<!-- Generated by org.testng.reporters.JUnitReportReporter -->
<testsuite name="sample1.Test1" tests="1" time="25.227" ignored="0" failures="0" timestamp="06 Mar 2022 06:01:49 GMT" skipped="0" hostname="DESKTOP-SUGN71S" errors="0">
  <testcase name="validateGoogle" time="25.227" classname="sample1.Test1"/>
</testsuite> <!-- sample1.Test1 -->
