<?xml version="1.0" encoding="UTF-8"?>
<!-- Generated by org.testng.reporters.JUnitReportReporter -->
<testsuite skipped="0" hostname="DESKTOP-SUGN71S" name="sample1.Test1" tests="1" failures="0" timestamp="12 Mar 2022 06:44:44 GMT" time="20.514" errors="0">
  <testcase name="validateGoogle" time="20.514" classname="sample1.Test1"/>
</testsuite> <!-- sample1.Test1 -->
